
Book ãƒ¢ãƒ‡ãƒ«ã«é–¢ã™ã‚‹ãƒ†ã‚¹ãƒˆ
  å®Ÿéš›ã«ä¿å­˜ã—ã¦ã¿ã‚‹
[32m    æœ‰åŠ¹ãªæŠ•ç¨¿å†…å®¹ã®å ´åˆã¯ä¿å­˜ã•ã‚Œã‚‹ã‹[0m
  ç©ºç™½ã®ãƒãƒªãƒ‡ãƒ¼ã‚·ãƒ§ãƒ³ãƒã‚§ãƒƒã‚¯
[32m    titleãŒç©ºç™½ã®å ´åˆã«ãƒãƒªãƒ‡ãƒ¼ã‚·ãƒ§ãƒ³ãƒã‚§ãƒƒã‚¯ã•ã‚Œç©ºç™½ã®ã‚¨ãƒ©ãƒ¼ãƒ¡ãƒƒã‚»ãƒ¼ã‚¸ãŒè¿”ã£ã¦ãã¦ã„ã‚‹ã‹[0m
[32m    bodyãŒç©ºç™½ã®å ´åˆã«ãƒãƒªãƒ‡ãƒ¼ã‚·ãƒ§ãƒ³ãƒã‚§ãƒƒã‚¯ã•ã‚Œç©ºç™½ã®ã‚¨ãƒ©ãƒ¼ãƒ¡ãƒƒã‚»ãƒ¼ã‚¸ãŒè¿”ã£ã¦ãã¦ã„ã‚‹ã‹[0m
  titleã‚’ç©ºç™½ã§æŠ•ç¨¿ã—ãŸå ´åˆã«ç”»é¢ã«ã‚¨ãƒ©ãƒ¼ãƒ¡ãƒƒã‚»ãƒ¼ã‚¸ãŒè¡¨ç¤ºã•ã‚Œã¦ã„ã‚‹ã‹
[32m    ã‚¨ãƒ©ãƒ¼ãƒ¡ãƒƒã‚»ãƒ¼ã‚¸ã¯æ­£ã—ãè¡¨ç¤ºã•ã‚Œã‚‹ã‹[0m
  bodyã‚’ç©ºç™½ã§æŠ•ç¨¿ã—ãŸå ´åˆã«ç”»é¢ã«ã‚¨ãƒ©ãƒ¼ãƒ¡ãƒƒã‚»ãƒ¼ã‚¸ãŒè¡¨ç¤ºã•ã‚Œã¦ã„ã‚‹ã‹
[32m    ã‚¨ãƒ©ãƒ¼ãƒ¡ãƒƒã‚»ãƒ¼ã‚¸ã¯æ­£ã—ãè¡¨ç¤ºã•ã‚Œã‚‹ã‹[0m

æŠ•ç¨¿ã®ãƒ†ã‚¹ãƒˆ
  ãƒˆãƒƒãƒ—ç”»é¢(root_path)ã®ãƒ†ã‚¹ãƒˆ
    è¡¨ç¤ºã®ç¢ºèª
[31m      ãƒˆãƒƒãƒ—ç”»é¢(root_path)ã«ä¸€è¦§ãƒšãƒ¼ã‚¸ã¸ã®ãƒªãƒ³ã‚¯ãŒè¡¨ç¤ºã•ã‚Œã¦ã„ã‚‹ã‹ (FAILED - 1)[0m
[31m      root_pathãŒ"/"ã§ã‚ã‚‹ã‹ (FAILED - 2)[0m
  ä¸€è¦§ç”»é¢ã®ãƒ†ã‚¹ãƒˆ
    ä¸€è¦§ã®è¡¨ç¤ºã¨ãƒªãƒ³ã‚¯ã®ç¢ºèª
[32m      bookã®ä¸€è¦§è¡¨ç¤º(tableã‚¿ã‚°)ã¨æŠ•ç¨¿ãƒ•ã‚©ãƒ¼ãƒ ãŒåŒä¸€ç”»é¢ã«è¡¨ç¤ºã•ã‚Œã¦ã„ã‚‹ã‹[0m
[31m      bookã®ã‚¿ã‚¤ãƒˆãƒ«ã¨æ„Ÿæƒ³ã‚’è¡¨ç¤ºã—ã€è©³ç´°ãƒ»ç·¨é›†ãƒ»å‰Šé™¤ã®ãƒªãƒ³ã‚¯ãŒè¡¨ç¤ºã•ã‚Œã¦ã„ã‚‹ã‹ (FAILED - 3)[0m
[31m      Create Bookãƒœã‚¿ãƒ³ãŒè¡¨ç¤ºã•ã‚Œã‚‹ (FAILED - 4)[0m
    æŠ•ç¨¿å‡¦ç†ã«é–¢ã™ã‚‹ãƒ†ã‚¹ãƒˆ
[31m      æŠ•ç¨¿ã«æˆåŠŸã—ã‚µã‚¯ã‚»ã‚¹ãƒ¡ãƒƒã‚»ãƒ¼ã‚¸ãŒè¡¨ç¤ºã•ã‚Œã‚‹ã‹ (FAILED - 5)[0m
[31m      æŠ•ç¨¿ã«å¤±æ•—ã™ã‚‹ (FAILED - 6)[0m
[31m      æŠ•ç¨¿å¾Œã®ãƒªãƒ€ã‚¤ãƒ¬ã‚¯ãƒˆå…ˆã¯æ­£ã—ã„ã‹ (FAILED - 7)[0m
    bookå‰Šé™¤ã®ãƒ†ã‚¹ãƒˆ
[32m      application.html.erbã«javascript_pack_tagã‚’å«ã‚“ã§ã„ã‚‹ã‹[0m
[31m      bookã®å‰Šé™¤ (FAILED - 8)[0m
  è©³ç´°ç”»é¢ã®ãƒ†ã‚¹ãƒˆ
    è¡¨ç¤ºã®ç¢ºèª
[32m      æœ¬ã®ã‚¿ã‚¤ãƒˆãƒ«ã¨æ„Ÿæƒ³ãŒç”»é¢ã«è¡¨ç¤ºã•ã‚Œã¦ã„ã‚‹ã“ã¨[0m
[31m      Editãƒªãƒ³ã‚¯ãŒè¡¨ç¤ºã•ã‚Œã‚‹ (FAILED - 9)[0m
[31m      Backãƒªãƒ³ã‚¯ãŒè¡¨ç¤ºã•ã‚Œã‚‹ (FAILED - 10)[0m
    ãƒªãƒ³ã‚¯ã®é·ç§»å…ˆã®ç¢ºèª
[31m      Editã®é·ç§»å…ˆã¯ç·¨é›†ç”»é¢ã‹ (FAILED - 11)[0m
[31m      Backã®é·ç§»å…ˆã¯ä¸€è¦§ç”»é¢ã‹ (FAILED - 12)[0m
  ç·¨é›†ç”»é¢ã®ãƒ†ã‚¹ãƒˆ
    è¡¨ç¤ºã®ç¢ºèª
[32m      ç·¨é›†å‰ã®ã‚¿ã‚¤ãƒˆãƒ«ã¨æ„Ÿæƒ³ãŒãƒ•ã‚©ãƒ¼ãƒ ã«è¡¨ç¤º(ã‚»ãƒƒãƒˆ)ã•ã‚Œã¦ã„ã‚‹[0m
[32m      Update Bookãƒœã‚¿ãƒ³ãŒè¡¨ç¤ºã•ã‚Œã‚‹[0m
[31m      Showãƒªãƒ³ã‚¯ãŒè¡¨ç¤ºã•ã‚Œã‚‹ (FAILED - 13)[0m
[31m      Backãƒªãƒ³ã‚¯ãŒè¡¨ç¤ºã•ã‚Œã‚‹ (FAILED - 14)[0m
    ãƒªãƒ³ã‚¯ã®é·ç§»å…ˆã®ç¢ºèª
[31m      Showã®é·ç§»å…ˆã¯è©³ç´°ç”»é¢ã‹ (FAILED - 15)[0m
[31m      Backã®é·ç§»å…ˆã¯ä¸€è¦§ç”»é¢ã‹ (FAILED - 16)[0m
    æ›´æ–°å‡¦ç†ã«é–¢ã™ã‚‹ãƒ†ã‚¹ãƒˆ
[32m      æ›´æ–°ã«æˆåŠŸã—ã‚µã‚¯ã‚»ã‚¹ãƒ¡ãƒƒã‚»ãƒ¼ã‚¸ãŒè¡¨ç¤ºã•ã‚Œã‚‹ã‹[0m
[31m      æ›´æ–°ã«å¤±æ•—ã—ã‚¨ãƒ©ãƒ¼ãƒ¡ãƒƒã‚»ãƒ¼ã‚¸ãŒè¡¨ç¤ºã•ã‚Œã‚‹ã‹ (FAILED - 17)[0m
[32m      æ›´æ–°å¾Œã®ãƒªãƒ€ã‚¤ãƒ¬ã‚¯ãƒˆå…ˆã¯æ­£ã—ã„ã‹[0m

Failures:

  1) æŠ•ç¨¿ã®ãƒ†ã‚¹ãƒˆ ãƒˆãƒƒãƒ—ç”»é¢(root_path)ã®ãƒ†ã‚¹ãƒˆ è¡¨ç¤ºã®ç¢ºèª ãƒˆãƒƒãƒ—ç”»é¢(root_path)ã«ä¸€è¦§ãƒšãƒ¼ã‚¸ã¸ã®ãƒªãƒ³ã‚¯ãŒè¡¨ç¤ºã•ã‚Œã¦ã„ã‚‹ã‹
     [31mFailure/Error: visit root_path[0m
     [31m[0m
     [31mNameError:[0m
     [31m  undefined local variable or method `root_path' for #<RSpec::ExampleGroups::Nested::RootPath::Nested "ãƒˆãƒƒãƒ—ç”»é¢(root_path)ã«ä¸€è¦§ãƒšãƒ¼ã‚¸ã¸ã®ãƒªãƒ³ã‚¯ãŒè¡¨ç¤ºã•ã‚Œã¦ã„ã‚‹ã‹" (./spec/system/books_spec.rb:10)>[0m
     [36m# ./spec/system/books_spec.rb:7:in `block (3 levels) in <main>'[0m

  2) æŠ•ç¨¿ã®ãƒ†ã‚¹ãƒˆ ãƒˆãƒƒãƒ—ç”»é¢(root_path)ã®ãƒ†ã‚¹ãƒˆ è¡¨ç¤ºã®ç¢ºèª root_pathãŒ"/"ã§ã‚ã‚‹ã‹
     [31mFailure/Error: visit root_path[0m
     [31m[0m
     [31mNameError:[0m
     [31m  undefined local variable or method `root_path' for #<RSpec::ExampleGroups::Nested::RootPath::Nested "root_pathãŒ"/"ã§ã‚ã‚‹ã‹" (./spec/system/books_spec.rb:13)>[0m
     [36m# ./spec/system/books_spec.rb:7:in `block (3 levels) in <main>'[0m

  3) æŠ•ç¨¿ã®ãƒ†ã‚¹ãƒˆ ä¸€è¦§ç”»é¢ã®ãƒ†ã‚¹ãƒˆ ä¸€è¦§ã®è¡¨ç¤ºã¨ãƒªãƒ³ã‚¯ã®ç¢ºèª bookã®ã‚¿ã‚¤ãƒˆãƒ«ã¨æ„Ÿæƒ³ã‚’è¡¨ç¤ºã—ã€è©³ç´°ãƒ»ç·¨é›†ãƒ»å‰Šé™¤ã®ãƒªãƒ³ã‚¯ãŒè¡¨ç¤ºã•ã‚Œã¦ã„ã‚‹ã‹
     [31mFailure/Error: expect(show_link[:href]).to eq book_path(book)[0m
     [31m[0m
     [31m  expected: "/books/1"[0m
     [31m       got: "/books/151793"[0m
     [31m[0m
     [31m  (compared using ==)[0m
     [36m# ./spec/system/books_spec.rb:48:in `block (5 levels) in <main>'[0m
     [36m# ./spec/system/books_spec.rb:33:in `each_with_index'[0m
     [36m# ./spec/system/books_spec.rb:33:in `block (4 levels) in <main>'[0m

  4) æŠ•ç¨¿ã®ãƒ†ã‚¹ãƒˆ ä¸€è¦§ç”»é¢ã®ãƒ†ã‚¹ãƒˆ ä¸€è¦§ã®è¡¨ç¤ºã¨ãƒªãƒ³ã‚¯ã®ç¢ºèª Create Bookãƒœã‚¿ãƒ³ãŒè¡¨ç¤ºã•ã‚Œã‚‹
     [31mFailure/Error: expect(page).to have_button 'Create Book'[0m
     [31m  expected to find button "Create Book" that is not disabled but there were no matches[0m
     [36m# ./spec/system/books_spec.rb:52:in `block (4 levels) in <main>'[0m

  5) æŠ•ç¨¿ã®ãƒ†ã‚¹ãƒˆ ä¸€è¦§ç”»é¢ã®ãƒ†ã‚¹ãƒˆ æŠ•ç¨¿å‡¦ç†ã«é–¢ã™ã‚‹ãƒ†ã‚¹ãƒˆ æŠ•ç¨¿ã«æˆåŠŸã—ã‚µã‚¯ã‚»ã‚¹ãƒ¡ãƒƒã‚»ãƒ¼ã‚¸ãŒè¡¨ç¤ºã•ã‚Œã‚‹ã‹
     [31mFailure/Error: click_button 'Create Book'[0m
     [31m[0m
     [31mCapybara::ElementNotFound:[0m
     [31m  Unable to find button "Create Book" that is not disabled[0m
     [36m# /home/ec2-user/.rvm/gems/ruby-3.1.2/gems/capybara-3.39.1/lib/capybara/node/finders.rb:312:in `block in synced_resolve'[0m
     [36m# /home/ec2-user/.rvm/gems/ruby-3.1.2/gems/capybara-3.39.1/lib/capybara/node/base.rb:84:in `synchronize'[0m
     [36m# /home/ec2-user/.rvm/gems/ruby-3.1.2/gems/capybara-3.39.1/lib/capybara/node/finders.rb:301:in `synced_resolve'[0m
     [36m# /home/ec2-user/.rvm/gems/ruby-3.1.2/gems/capybara-3.39.1/lib/capybara/node/finders.rb:60:in `find'[0m
     [36m# /home/ec2-user/.rvm/gems/ruby-3.1.2/gems/capybara-3.39.1/lib/capybara/node/actions.rb:58:in `click_button'[0m
     [36m# /home/ec2-user/.rvm/gems/ruby-3.1.2/gems/capybara-3.39.1/lib/capybara/session.rb:773:in `click_button'[0m
     [36m# /home/ec2-user/.rvm/gems/ruby-3.1.2/gems/capybara-3.39.1/lib/capybara/dsl.rb:52:in `call'[0m
     [36m# /home/ec2-user/.rvm/gems/ruby-3.1.2/gems/capybara-3.39.1/lib/capybara/dsl.rb:52:in `click_button'[0m
     [36m# ./spec/system/books_spec.rb:59:in `block (4 levels) in <main>'[0m

  6) æŠ•ç¨¿ã®ãƒ†ã‚¹ãƒˆ ä¸€è¦§ç”»é¢ã®ãƒ†ã‚¹ãƒˆ æŠ•ç¨¿å‡¦ç†ã«é–¢ã™ã‚‹ãƒ†ã‚¹ãƒˆ æŠ•ç¨¿ã«å¤±æ•—ã™ã‚‹
     [31mFailure/Error: click_button 'Create Book'[0m
     [31m[0m
     [31mCapybara::ElementNotFound:[0m
     [31m  Unable to find button "Create Book" that is not disabled[0m
     [36m# /home/ec2-user/.rvm/gems/ruby-3.1.2/gems/capybara-3.39.1/lib/capybara/node/finders.rb:312:in `block in synced_resolve'[0m
     [36m# /home/ec2-user/.rvm/gems/ruby-3.1.2/gems/capybara-3.39.1/lib/capybara/node/base.rb:84:in `synchronize'[0m
     [36m# /home/ec2-user/.rvm/gems/ruby-3.1.2/gems/capybara-3.39.1/lib/capybara/node/finders.rb:301:in `synced_resolve'[0m
     [36m# /home/ec2-user/.rvm/gems/ruby-3.1.2/gems/capybara-3.39.1/lib/capybara/node/finders.rb:60:in `find'[0m
     [36m# /home/ec2-user/.rvm/gems/ruby-3.1.2/gems/capybara-3.39.1/lib/capybara/node/actions.rb:58:in `click_button'[0m
     [36m# /home/ec2-user/.rvm/gems/ruby-3.1.2/gems/capybara-3.39.1/lib/capybara/session.rb:773:in `click_button'[0m
     [36m# /home/ec2-user/.rvm/gems/ruby-3.1.2/gems/capybara-3.39.1/lib/capybara/dsl.rb:52:in `call'[0m
     [36m# /home/ec2-user/.rvm/gems/ruby-3.1.2/gems/capybara-3.39.1/lib/capybara/dsl.rb:52:in `click_button'[0m
     [36m# ./spec/system/books_spec.rb:63:in `block (4 levels) in <main>'[0m

  7) æŠ•ç¨¿ã®ãƒ†ã‚¹ãƒˆ ä¸€è¦§ç”»é¢ã®ãƒ†ã‚¹ãƒˆ æŠ•ç¨¿å‡¦ç†ã«é–¢ã™ã‚‹ãƒ†ã‚¹ãƒˆ æŠ•ç¨¿å¾Œã®ãƒªãƒ€ã‚¤ãƒ¬ã‚¯ãƒˆå…ˆã¯æ­£ã—ã„ã‹
     [31mFailure/Error: click_button 'Create Book'[0m
     [31m[0m
     [31mCapybara::ElementNotFound:[0m
     [31m  Unable to find button "Create Book" that is not disabled[0m
     [36m# /home/ec2-user/.rvm/gems/ruby-3.1.2/gems/capybara-3.39.1/lib/capybara/node/finders.rb:312:in `block in synced_resolve'[0m
     [36m# /home/ec2-user/.rvm/gems/ruby-3.1.2/gems/capybara-3.39.1/lib/capybara/node/base.rb:84:in `synchronize'[0m
     [36m# /home/ec2-user/.rvm/gems/ruby-3.1.2/gems/capybara-3.39.1/lib/capybara/node/finders.rb:301:in `synced_resolve'[0m
     [36m# /home/ec2-user/.rvm/gems/ruby-3.1.2/gems/capybara-3.39.1/lib/capybara/node/finders.rb:60:in `find'[0m
     [36m# /home/ec2-user/.rvm/gems/ruby-3.1.2/gems/capybara-3.39.1/lib/capybara/node/actions.rb:58:in `click_button'[0m
     [36m# /home/ec2-user/.rvm/gems/ruby-3.1.2/gems/capybara-3.39.1/lib/capybara/session.rb:773:in `click_button'[0m
     [36m# /home/ec2-user/.rvm/gems/ruby-3.1.2/gems/capybara-3.39.1/lib/capybara/dsl.rb:52:in `call'[0m
     [36m# /home/ec2-user/.rvm/gems/ruby-3.1.2/gems/capybara-3.39.1/lib/capybara/dsl.rb:52:in `click_button'[0m
     [36m# ./spec/system/books_spec.rb:70:in `block (4 levels) in <main>'[0m

  8) æŠ•ç¨¿ã®ãƒ†ã‚¹ãƒˆ ä¸€è¦§ç”»é¢ã®ãƒ†ã‚¹ãƒˆ bookå‰Šé™¤ã®ãƒ†ã‚¹ãƒˆ bookã®å‰Šé™¤
     [31mFailure/Error: @book = Book.find(params[:id])[0m
     [31m[0m
     [31mActiveRecord::RecordNotFound:[0m
     [31m  Couldn't find Book with 'id'=151793[0m
     [36m# ./app/controllers/books_controller.rb:82:in `destroy'[0m
     [36m# /home/ec2-user/.rvm/gems/ruby-3.1.2/gems/actiontext-6.1.7.3/lib/action_text/rendering.rb:20:in `with_renderer'[0m
     [36m# /home/ec2-user/.rvm/gems/ruby-3.1.2/gems/actiontext-6.1.7.3/lib/action_text/engine.rb:59:in `block (4 levels) in <class:Engine>'[0m
     [36m# /home/ec2-user/.rvm/gems/ruby-3.1.2/gems/rack-2.2.7/lib/rack/tempfile_reaper.rb:15:in `call'[0m
     [36m# /home/ec2-user/.rvm/gems/ruby-3.1.2/gems/rack-2.2.7/lib/rack/etag.rb:27:in `call'[0m
     [36m# /home/ec2-user/.rvm/gems/ruby-3.1.2/gems/rack-2.2.7/lib/rack/conditional_get.rb:40:in `call'[0m
     [36m# /home/ec2-user/.rvm/gems/ruby-3.1.2/gems/rack-2.2.7/lib/rack/head.rb:12:in `call'[0m
     [36m# /home/ec2-user/.rvm/gems/ruby-3.1.2/gems/rack-2.2.7/lib/rack/session/abstract/id.rb:266:in `context'[0m
     [36m# /home/ec2-user/.rvm/gems/ruby-3.1.2/gems/rack-2.2.7/lib/rack/session/abstract/id.rb:260:in `call'[0m
     [36m# /home/ec2-user/.rvm/gems/ruby-3.1.2/gems/railties-6.1.7.3/lib/rails/rack/logger.rb:37:in `call_app'[0m
     [36m# /home/ec2-user/.rvm/gems/ruby-3.1.2/gems/railties-6.1.7.3/lib/rails/rack/logger.rb:26:in `block in call'[0m
     [36m# /home/ec2-user/.rvm/gems/ruby-3.1.2/gems/railties-6.1.7.3/lib/rails/rack/logger.rb:26:in `call'[0m
     [36m# /home/ec2-user/.rvm/gems/ruby-3.1.2/gems/rack-2.2.7/lib/rack/method_override.rb:24:in `call'[0m
     [36m# /home/ec2-user/.rvm/gems/ruby-3.1.2/gems/rack-2.2.7/lib/rack/runtime.rb:22:in `call'[0m
     [36m# /home/ec2-user/.rvm/gems/ruby-3.1.2/gems/rack-2.2.7/lib/rack/sendfile.rb:110:in `call'[0m
     [36m# /home/ec2-user/.rvm/gems/ruby-3.1.2/gems/railties-6.1.7.3/lib/rails/engine.rb:539:in `call'[0m
     [36m# /home/ec2-user/.rvm/gems/ruby-3.1.2/gems/rack-2.2.7/lib/rack/urlmap.rb:74:in `block in call'[0m
     [36m# /home/ec2-user/.rvm/gems/ruby-3.1.2/gems/rack-2.2.7/lib/rack/urlmap.rb:58:in `each'[0m
     [36m# /home/ec2-user/.rvm/gems/ruby-3.1.2/gems/rack-2.2.7/lib/rack/urlmap.rb:58:in `call'[0m
     [36m# /home/ec2-user/.rvm/gems/ruby-3.1.2/gems/rack-2.2.7/lib/rack/builder.rb:244:in `call'[0m
     [36m# /home/ec2-user/.rvm/gems/ruby-3.1.2/gems/rack-test-2.1.0/lib/rack/test.rb:360:in `process_request'[0m
     [36m# /home/ec2-user/.rvm/gems/ruby-3.1.2/gems/rack-test-2.1.0/lib/rack/test.rb:163:in `custom_request'[0m
     [36m# /home/ec2-user/.rvm/gems/ruby-3.1.2/gems/rack-test-2.1.0/lib/rack/test.rb:112:in `delete'[0m
     [36m# /home/ec2-user/.rvm/gems/ruby-3.1.2/gems/capybara-3.39.1/lib/capybara/rack_test/browser.rb:80:in `process'[0m
     [36m# /home/ec2-user/.rvm/gems/ruby-3.1.2/gems/capybara-3.39.1/lib/capybara/rack_test/browser.rb:55:in `process_and_follow_redirects'[0m
     [36m# /home/ec2-user/.rvm/gems/ruby-3.1.2/gems/capybara-3.39.1/lib/capybara/rack_test/browser.rb:50:in `follow'[0m
     [36m# /home/ec2-user/.rvm/gems/ruby-3.1.2/gems/capybara-3.39.1/lib/capybara/rack_test/node.rb:252:in `follow_link'[0m
     [36m# /home/ec2-user/.rvm/gems/ruby-3.1.2/gems/capybara-3.39.1/lib/capybara/rack_test/node.rb:66:in `click'[0m
     [36m# /home/ec2-user/.rvm/gems/ruby-3.1.2/gems/capybara-3.39.1/lib/capybara/rack_test/node.rb:132:in `call'[0m
     [36m# /home/ec2-user/.rvm/gems/ruby-3.1.2/gems/capybara-3.39.1/lib/capybara/rack_test/node.rb:132:in `click'[0m
     [36m# /home/ec2-user/.rvm/gems/ruby-3.1.2/gems/capybara-3.39.1/lib/capybara/node/element.rb:172:in `block in click'[0m
     [36m# /home/ec2-user/.rvm/gems/ruby-3.1.2/gems/capybara-3.39.1/lib/capybara/node/element.rb:608:in `block in perform_click_action'[0m
     [36m# /home/ec2-user/.rvm/gems/ruby-3.1.2/gems/capybara-3.39.1/lib/capybara/node/base.rb:84:in `synchronize'[0m
     [36m# /home/ec2-user/.rvm/gems/ruby-3.1.2/gems/capybara-3.39.1/lib/capybara/node/element.rb:608:in `perform_click_action'[0m
     [36m# /home/ec2-user/.rvm/gems/ruby-3.1.2/gems/capybara-3.39.1/lib/capybara/node/element.rb:171:in `click'[0m
     [36m# /home/ec2-user/.rvm/gems/ruby-3.1.2/gems/capybara-3.39.1/lib/capybara/node/actions.rb:42:in `click_link'[0m
     [36m# /home/ec2-user/.rvm/gems/ruby-3.1.2/gems/capybara-3.39.1/lib/capybara/session.rb:773:in `click_link'[0m
     [36m# /home/ec2-user/.rvm/gems/ruby-3.1.2/gems/capybara-3.39.1/lib/capybara/dsl.rb:52:in `call'[0m
     [36m# /home/ec2-user/.rvm/gems/ruby-3.1.2/gems/capybara-3.39.1/lib/capybara/dsl.rb:52:in `click_link'[0m
     [36m# ./spec/system/books_spec.rb:88:in `block (4 levels) in <main>'[0m

  9) æŠ•ç¨¿ã®ãƒ†ã‚¹ãƒˆ è©³ç´°ç”»é¢ã®ãƒ†ã‚¹ãƒˆ è¡¨ç¤ºã®ç¢ºèª Editãƒªãƒ³ã‚¯ãŒè¡¨ç¤ºã•ã‚Œã‚‹
     [31mFailure/Error: expect(edit_link.native.inner_text).to match(/edit/i)[0m
     [31m[0m
     [31m  expected " " to match /edit/i[0m
     [31m  Diff:[0m[0m
     [31m  [0m[34m@@ -1 +1 @@[0m
     [31m  [0m[31m-/edit/i[0m
     [31m  [0m[32m+" "[0m
     [31m  [0m[0m
     [36m# ./spec/system/books_spec.rb:106:in `block (4 levels) in <main>'[0m

  10) æŠ•ç¨¿ã®ãƒ†ã‚¹ãƒˆ è©³ç´°ç”»é¢ã®ãƒ†ã‚¹ãƒˆ è¡¨ç¤ºã®ç¢ºèª Backãƒªãƒ³ã‚¯ãŒè¡¨ç¤ºã•ã‚Œã‚‹
      [31mFailure/Error: expect(back_link.native.inner_text).to match(/back/i)[0m
      [31m[0m
      [31m  expected "Edit" to match /back/i[0m
      [31m  Diff:[0m[0m
      [31m  [0m[34m@@ -1 +1 @@[0m
      [31m  [0m[31m-/back/i[0m
      [31m  [0m[32m+"Edit"[0m
      [31m  [0m[0m
      [36m# ./spec/system/books_spec.rb:110:in `block (4 levels) in <main>'[0m

  11) æŠ•ç¨¿ã®ãƒ†ã‚¹ãƒˆ è©³ç´°ç”»é¢ã®ãƒ†ã‚¹ãƒˆ ãƒªãƒ³ã‚¯ã®é·ç§»å…ˆã®ç¢ºèª Editã®é·ç§»å…ˆã¯ç·¨é›†ç”»é¢ã‹
      [31mFailure/Error: expect(current_path).to eq('/books/' + book.id.to_s + '/edit')[0m
      [31m[0m
      [31m  expected: "/books/1/edit"[0m
      [31m       got: "/books/1"[0m
      [31m[0m
      [31m  (compared using ==)[0m
      [36m# ./spec/system/books_spec.rb:117:in `block (4 levels) in <main>'[0m

  12) æŠ•ç¨¿ã®ãƒ†ã‚¹ãƒˆ è©³ç´°ç”»é¢ã®ãƒ†ã‚¹ãƒˆ ãƒªãƒ³ã‚¯ã®é·ç§»å…ˆã®ç¢ºèª Backã®é·ç§»å…ˆã¯ä¸€è¦§ç”»é¢ã‹
      [31mFailure/Error: expect(page).to have_current_path books_path[0m
      [31m  expected "/books/1/edit" to equal "/books"[0m
      [36m# ./spec/system/books_spec.rb:122:in `block (4 levels) in <main>'[0m

  13) æŠ•ç¨¿ã®ãƒ†ã‚¹ãƒˆ ç·¨é›†ç”»é¢ã®ãƒ†ã‚¹ãƒˆ è¡¨ç¤ºã®ç¢ºèª Showãƒªãƒ³ã‚¯ãŒè¡¨ç¤ºã•ã‚Œã‚‹
      [31mFailure/Error: expect(show_link.native.inner_text).to match(/show/i)[0m
      [31m[0m
      [31m  expected "" to match /show/i[0m
      [31m  Diff:[0m[0m
      [31m  [0m[34m@@ -1 +1 @@[0m
      [31m  [0m[31m-/show/i[0m
      [31m  [0m[32m+""[0m
      [31m  [0m[0m
      [36m# ./spec/system/books_spec.rb:140:in `block (4 levels) in <main>'[0m

  14) æŠ•ç¨¿ã®ãƒ†ã‚¹ãƒˆ ç·¨é›†ç”»é¢ã®ãƒ†ã‚¹ãƒˆ è¡¨ç¤ºã®ç¢ºèª Backãƒªãƒ³ã‚¯ãŒè¡¨ç¤ºã•ã‚Œã‚‹
      [31mFailure/Error: expect(back_link.native.inner_text).to match(/back/i)[0m
      [31m[0m
      [31m  expected "Show" to match /back/i[0m
      [31m  Diff:[0m[0m
      [31m  [0m[34m@@ -1 +1 @@[0m
      [31m  [0m[31m-/back/i[0m
      [31m  [0m[32m+"Show"[0m
      [31m  [0m[0m
      [36m# ./spec/system/books_spec.rb:144:in `block (4 levels) in <main>'[0m

  15) æŠ•ç¨¿ã®ãƒ†ã‚¹ãƒˆ ç·¨é›†ç”»é¢ã®ãƒ†ã‚¹ãƒˆ ãƒªãƒ³ã‚¯ã®é·ç§»å…ˆã®ç¢ºèª Showã®é·ç§»å…ˆã¯è©³ç´°ç”»é¢ã‹
      [31mFailure/Error: expect(current_path).to eq('/books/' + book.id.to_s)[0m
      [31m[0m
      [31m  expected: "/books/1"[0m
      [31m       got: "/books/1/edit"[0m
      [31m[0m
      [31m  (compared using ==)[0m
      [36m# ./spec/system/books_spec.rb:151:in `block (4 levels) in <main>'[0m

  16) æŠ•ç¨¿ã®ãƒ†ã‚¹ãƒˆ ç·¨é›†ç”»é¢ã®ãƒ†ã‚¹ãƒˆ ãƒªãƒ³ã‚¯ã®é·ç§»å…ˆã®ç¢ºèª Backã®é·ç§»å…ˆã¯ä¸€è¦§ç”»é¢ã‹
      [31mFailure/Error: expect(page).to have_current_path books_path[0m
      [31m  expected "/books/1" to equal "/books"[0m
      [36m# ./spec/system/books_spec.rb:156:in `block (4 levels) in <main>'[0m

  17) æŠ•ç¨¿ã®ãƒ†ã‚¹ãƒˆ ç·¨é›†ç”»é¢ã®ãƒ†ã‚¹ãƒˆ æ›´æ–°å‡¦ç†ã«é–¢ã™ã‚‹ãƒ†ã‚¹ãƒˆ æ›´æ–°ã«å¤±æ•—ã—ã‚¨ãƒ©ãƒ¼ãƒ¡ãƒƒã‚»ãƒ¼ã‚¸ãŒè¡¨ç¤ºã•ã‚Œã‚‹ã‹
      [31mFailure/Error: expect(page).to have_content 'error'[0m
      [31m  expected to find text "error" in "2ä»¶ã®ã‚¨ãƒ©ãƒ¼ãŒç™ºç”Ÿã—ã¾ã—ãŸ\nTitle can't be blank Body can't be blank\nEditing Book\nTitle\nBody\nShow | back"[0m
      [36m# ./spec/system/books_spec.rb:170:in `block (4 levels) in <main>'[0m

Finished in 6.73 seconds (files took 1.31 seconds to load)
[31m29 examples, 17 failures[0m

Failed examples:

[31mrspec ./spec/system/books_spec.rb:10[0m [36m# æŠ•ç¨¿ã®ãƒ†ã‚¹ãƒˆ ãƒˆãƒƒãƒ—ç”»é¢(root_path)ã®ãƒ†ã‚¹ãƒˆ è¡¨ç¤ºã®ç¢ºèª ãƒˆãƒƒãƒ—ç”»é¢(root_path)ã«ä¸€è¦§ãƒšãƒ¼ã‚¸ã¸ã®ãƒªãƒ³ã‚¯ãŒè¡¨ç¤ºã•ã‚Œã¦ã„ã‚‹ã‹[0m
[31mrspec ./spec/system/books_spec.rb:13[0m [36m# æŠ•ç¨¿ã®ãƒ†ã‚¹ãƒˆ ãƒˆãƒƒãƒ—ç”»é¢(root_path)ã®ãƒ†ã‚¹ãƒˆ è¡¨ç¤ºã®ç¢ºèª root_pathãŒ"/"ã§ã‚ã‚‹ã‹[0m
[31mrspec ./spec/system/books_spec.rb:28[0m [36m# æŠ•ç¨¿ã®ãƒ†ã‚¹ãƒˆ ä¸€è¦§ç”»é¢ã®ãƒ†ã‚¹ãƒˆ ä¸€è¦§ã®è¡¨ç¤ºã¨ãƒªãƒ³ã‚¯ã®ç¢ºèª bookã®ã‚¿ã‚¤ãƒˆãƒ«ã¨æ„Ÿæƒ³ã‚’è¡¨ç¤ºã—ã€è©³ç´°ãƒ»ç·¨é›†ãƒ»å‰Šé™¤ã®ãƒªãƒ³ã‚¯ãŒè¡¨ç¤ºã•ã‚Œã¦ã„ã‚‹ã‹[0m
[31mrspec ./spec/system/books_spec.rb:51[0m [36m# æŠ•ç¨¿ã®ãƒ†ã‚¹ãƒˆ ä¸€è¦§ç”»é¢ã®ãƒ†ã‚¹ãƒˆ ä¸€è¦§ã®è¡¨ç¤ºã¨ãƒªãƒ³ã‚¯ã®ç¢ºèª Create Bookãƒœã‚¿ãƒ³ãŒè¡¨ç¤ºã•ã‚Œã‚‹[0m
[31mrspec ./spec/system/books_spec.rb:56[0m [36m# æŠ•ç¨¿ã®ãƒ†ã‚¹ãƒˆ ä¸€è¦§ç”»é¢ã®ãƒ†ã‚¹ãƒˆ æŠ•ç¨¿å‡¦ç†ã«é–¢ã™ã‚‹ãƒ†ã‚¹ãƒˆ æŠ•ç¨¿ã«æˆåŠŸã—ã‚µã‚¯ã‚»ã‚¹ãƒ¡ãƒƒã‚»ãƒ¼ã‚¸ãŒè¡¨ç¤ºã•ã‚Œã‚‹ã‹[0m
[31mrspec ./spec/system/books_spec.rb:62[0m [36m# æŠ•ç¨¿ã®ãƒ†ã‚¹ãƒˆ ä¸€è¦§ç”»é¢ã®ãƒ†ã‚¹ãƒˆ æŠ•ç¨¿å‡¦ç†ã«é–¢ã™ã‚‹ãƒ†ã‚¹ãƒˆ æŠ•ç¨¿ã«å¤±æ•—ã™ã‚‹[0m
[31mrspec ./spec/system/books_spec.rb:67[0m [36m# æŠ•ç¨¿ã®ãƒ†ã‚¹ãƒˆ ä¸€è¦§ç”»é¢ã®ãƒ†ã‚¹ãƒˆ æŠ•ç¨¿å‡¦ç†ã«é–¢ã™ã‚‹ãƒ†ã‚¹ãƒˆ æŠ•ç¨¿å¾Œã®ãƒªãƒ€ã‚¤ãƒ¬ã‚¯ãƒˆå…ˆã¯æ­£ã—ã„ã‹[0m
[31mrspec ./spec/system/books_spec.rb:86[0m [36m# æŠ•ç¨¿ã®ãƒ†ã‚¹ãƒˆ ä¸€è¦§ç”»é¢ã®ãƒ†ã‚¹ãƒˆ bookå‰Šé™¤ã®ãƒ†ã‚¹ãƒˆ bookã®å‰Šé™¤[0m
[31mrspec ./spec/system/books_spec.rb:104[0m [36m# æŠ•ç¨¿ã®ãƒ†ã‚¹ãƒˆ è©³ç´°ç”»é¢ã®ãƒ†ã‚¹ãƒˆ è¡¨ç¤ºã®ç¢ºèª Editãƒªãƒ³ã‚¯ãŒè¡¨ç¤ºã•ã‚Œã‚‹[0m
[31mrspec ./spec/system/books_spec.rb:108[0m [36m# æŠ•ç¨¿ã®ãƒ†ã‚¹ãƒˆ è©³ç´°ç”»é¢ã®ãƒ†ã‚¹ãƒˆ è¡¨ç¤ºã®ç¢ºèª Backãƒªãƒ³ã‚¯ãŒè¡¨ç¤ºã•ã‚Œã‚‹[0m
[31mrspec ./spec/system/books_spec.rb:114[0m [36m# æŠ•ç¨¿ã®ãƒ†ã‚¹ãƒˆ è©³ç´°ç”»é¢ã®ãƒ†ã‚¹ãƒˆ ãƒªãƒ³ã‚¯ã®é·ç§»å…ˆã®ç¢ºèª Editã®é·ç§»å…ˆã¯ç·¨é›†ç”»é¢ã‹[0m
[31mrspec ./spec/system/books_spec.rb:119[0m [36m# æŠ•ç¨¿ã®ãƒ†ã‚¹ãƒˆ è©³ç´°ç”»é¢ã®ãƒ†ã‚¹ãƒˆ ãƒªãƒ³ã‚¯ã®é·ç§»å…ˆã®ç¢ºèª Backã®é·ç§»å…ˆã¯ä¸€è¦§ç”»é¢ã‹[0m
[31mrspec ./spec/system/books_spec.rb:138[0m [36m# æŠ•ç¨¿ã®ãƒ†ã‚¹ãƒˆ ç·¨é›†ç”»é¢ã®ãƒ†ã‚¹ãƒˆ è¡¨ç¤ºã®ç¢ºèª Showãƒªãƒ³ã‚¯ãŒè¡¨ç¤ºã•ã‚Œã‚‹[0m
[31mrspec ./spec/system/books_spec.rb:142[0m [36m# æŠ•ç¨¿ã®ãƒ†ã‚¹ãƒˆ ç·¨é›†ç”»é¢ã®ãƒ†ã‚¹ãƒˆ è¡¨ç¤ºã®ç¢ºèª Backãƒªãƒ³ã‚¯ãŒè¡¨ç¤ºã•ã‚Œã‚‹[0m
[31mrspec ./spec/system/books_spec.rb:148[0m [36m# æŠ•ç¨¿ã®ãƒ†ã‚¹ãƒˆ ç·¨é›†ç”»é¢ã®ãƒ†ã‚¹ãƒˆ ãƒªãƒ³ã‚¯ã®é·ç§»å…ˆã®ç¢ºèª Showã®é·ç§»å…ˆã¯è©³ç´°ç”»é¢ã‹[0m
[31mrspec ./spec/system/books_spec.rb:153[0m [36m# æŠ•ç¨¿ã®ãƒ†ã‚¹ãƒˆ ç·¨é›†ç”»é¢ã®ãƒ†ã‚¹ãƒˆ ãƒªãƒ³ã‚¯ã®é·ç§»å…ˆã®ç¢ºèª Backã®é·ç§»å…ˆã¯ä¸€è¦§ç”»é¢ã‹[0m
[31mrspec ./spec/system/books_spec.rb:166[0m [36m# æŠ•ç¨¿ã®ãƒ†ã‚¹ãƒˆ ç·¨é›†ç”»é¢ã®ãƒ†ã‚¹ãƒˆ æ›´æ–°å‡¦ç†ã«é–¢ã™ã‚‹ãƒ†ã‚¹ãƒˆ æ›´æ–°ã«å¤±æ•—ã—ã‚¨ãƒ©ãƒ¼ãƒ¡ãƒƒã‚»ãƒ¼ã‚¸ãŒè¡¨ç¤ºã•ã‚Œã‚‹ã‹[0m

